11:07:54:808 ---  INFO [main] c.h.s.SpringBoot03Application : Starting SpringBoot03Application on DESKTOP-IOSPR3V with PID 12064 (D:\tc22\spring-boot-03\target\classes started by gujil in D:\tc22\spring-boot-03) 
11:07:54:810 --- DEBUG [main] c.h.s.SpringBoot03Application : Running with Spring Boot v1.5.18.RELEASE, Spring v4.3.21.RELEASE 
11:07:54:811 ---  INFO [main] c.h.s.SpringBoot03Application : No active profile set, falling back to default profiles: default 
11:07:54:865 ---  INFO [main] o.s.b.c.e.AnnotationConfigEmbeddedWebApplicationContext : Refreshing org.springframework.boot.context.embedded.AnnotationConfigEmbeddedWebApplicationContext@670002: startup date [Wed Dec 05 11:07:54 CST 2018]; root of context hierarchy 
11:07:55:723 ---  INFO [main] o.s.b.c.e.t.TomcatEmbeddedServletContainer : Tomcat initialized with port(s): 8080 (http) 
11:07:55:742 ---  INFO [main] o.a.catalina.core.StandardService : Starting service [Tomcat] 
11:07:55:742 ---  INFO [main] o.a.catalina.core.StandardEngine : Starting Servlet Engine: Apache Tomcat/8.5.35 
11:07:55:846 ---  INFO [localhost-startStop-1] o.a.c.c.C.[Tomcat].[localhost].[/] : Initializing Spring embedded WebApplicationContext 
11:07:55:846 ---  INFO [localhost-startStop-1] o.s.web.context.ContextLoader : Root WebApplicationContext: initialization completed in 985 ms 
11:07:55:994 ---  INFO [localhost-startStop-1] o.s.b.w.s.ServletRegistrationBean : Mapping servlet: 'dispatcherServlet' to [/] 
11:07:55:997 ---  INFO [localhost-startStop-1] o.s.b.w.s.FilterRegistrationBean : Mapping filter: 'characterEncodingFilter' to: [/*] 
11:07:55:997 ---  INFO [localhost-startStop-1] o.s.b.w.s.FilterRegistrationBean : Mapping filter: 'hiddenHttpMethodFilter' to: [/*] 
11:07:55:997 ---  INFO [localhost-startStop-1] o.s.b.w.s.FilterRegistrationBean : Mapping filter: 'httpPutFormContentFilter' to: [/*] 
11:07:55:997 ---  INFO [localhost-startStop-1] o.s.b.w.s.FilterRegistrationBean : Mapping filter: 'requestContextFilter' to: [/*] 
11:07:56:172 ---  INFO [main] o.s.w.s.m.m.a.RequestMappingHandlerAdapter : Looking for @ControllerAdvice: org.springframework.boot.context.embedded.AnnotationConfigEmbeddedWebApplicationContext@670002: startup date [Wed Dec 05 11:07:54 CST 2018]; root of context hierarchy 
11:07:56:205 ---  INFO [main] o.s.w.s.m.m.a.RequestMappingHandlerMapping : Mapped "{[/hello]}" onto public java.lang.String com.hwua.springboot03.controller.HelloController.hello(java.lang.String) 
11:07:56:207 ---  INFO [main] o.s.w.s.m.m.a.RequestMappingHandlerMapping : Mapped "{[/error]}" onto public org.springframework.http.ResponseEntity<java.util.Map<java.lang.String, java.lang.Object>> org.springframework.boot.autoconfigure.web.BasicErrorController.error(javax.servlet.http.HttpServletRequest) 
11:07:56:207 ---  INFO [main] o.s.w.s.m.m.a.RequestMappingHandlerMapping : Mapped "{[/error],produces=[text/html]}" onto public org.springframework.web.servlet.ModelAndView org.springframework.boot.autoconfigure.web.BasicErrorController.errorHtml(javax.servlet.http.HttpServletRequest,javax.servlet.http.HttpServletResponse) 
11:07:56:224 ---  INFO [main] o.s.w.s.h.SimpleUrlHandlerMapping : Mapped URL path [/webjars/**] onto handler of type [class org.springframework.web.servlet.resource.ResourceHttpRequestHandler] 
11:07:56:224 ---  INFO [main] o.s.w.s.h.SimpleUrlHandlerMapping : Mapped URL path [/**] onto handler of type [class org.springframework.web.servlet.resource.ResourceHttpRequestHandler] 
11:07:56:246 ---  INFO [main] o.s.w.s.h.SimpleUrlHandlerMapping : Mapped URL path [/**/favicon.ico] onto handler of type [class org.springframework.web.servlet.resource.ResourceHttpRequestHandler] 
11:07:56:333 ---  INFO [main] o.s.j.e.a.AnnotationMBeanExporter : Registering beans for JMX exposure on startup 
11:07:56:360 ---  INFO [main] o.s.b.c.e.t.TomcatEmbeddedServletContainer : Tomcat started on port(s): 8080 (http) 
11:07:56:363 ---  INFO [main] c.h.s.SpringBoot03Application : Started SpringBoot03Application in 1.824 seconds (JVM running for 2.6) 
