2018-12-05 11:03:12.193  INFO 5808 --- [main] c.h.s.SpringBoot03Application            : Starting SpringBoot03Application on DESKTOP-IOSPR3V with PID 5808 (D:\tc22\spring-boot-03\target\classes started by gujil in D:\tc22\spring-boot-03)
2018-12-05 11:03:12.195 DEBUG 5808 --- [main] c.h.s.SpringBoot03Application            : Running with Spring Boot v1.5.18.RELEASE, Spring v4.3.21.RELEASE
2018-12-05 11:03:12.195  INFO 5808 --- [main] c.h.s.SpringBoot03Application            : No active profile set, falling back to default profiles: default
2018-12-05 11:03:12.245  INFO 5808 --- [main] ationConfigEmbeddedWebApplicationContext : Refreshing org.springframework.boot.context.embedded.AnnotationConfigEmbeddedWebApplicationContext@1677d1: startup date [Wed Dec 05 11:03:12 CST 2018]; root of context hierarchy
2018-12-05 11:03:13.010  INFO 5808 --- [main] s.b.c.e.t.TomcatEmbeddedServletContainer : Tomcat initialized with port(s): 8080 (http)
2018-12-05 11:03:13.029  INFO 5808 --- [main] o.apache.catalina.core.StandardService   : Starting service [Tomcat]
2018-12-05 11:03:13.029  INFO 5808 --- [main] org.apache.catalina.core.StandardEngine  : Starting Servlet Engine: Apache Tomcat/8.5.35
2018-12-05 11:03:13.118  INFO 5808 --- [localhost-startStop-1] o.a.c.c.C.[Tomcat].[localhost].[/]       : Initializing Spring embedded WebApplicationContext
2018-12-05 11:03:13.118  INFO 5808 --- [localhost-startStop-1] o.s.web.context.ContextLoader            : Root WebApplicationContext: initialization completed in 875 ms
2018-12-05 11:03:13.237  INFO 5808 --- [localhost-startStop-1] o.s.b.w.servlet.ServletRegistrationBean  : Mapping servlet: 'dispatcherServlet' to [/]
2018-12-05 11:03:13.239  INFO 5808 --- [localhost-startStop-1] o.s.b.w.servlet.FilterRegistrationBean   : Mapping filter: 'characterEncodingFilter' to: [/*]
2018-12-05 11:03:13.240  INFO 5808 --- [localhost-startStop-1] o.s.b.w.servlet.FilterRegistrationBean   : Mapping filter: 'hiddenHttpMethodFilter' to: [/*]
2018-12-05 11:03:13.240  INFO 5808 --- [localhost-startStop-1] o.s.b.w.servlet.FilterRegistrationBean   : Mapping filter: 'httpPutFormContentFilter' to: [/*]
2018-12-05 11:03:13.240  INFO 5808 --- [localhost-startStop-1] o.s.b.w.servlet.FilterRegistrationBean   : Mapping filter: 'requestContextFilter' to: [/*]
2018-12-05 11:03:13.422  INFO 5808 --- [main] s.w.s.m.m.a.RequestMappingHandlerAdapter : Looking for @ControllerAdvice: org.springframework.boot.context.embedded.AnnotationConfigEmbeddedWebApplicationContext@1677d1: startup date [Wed Dec 05 11:03:12 CST 2018]; root of context hierarchy
2018-12-05 11:03:13.455  INFO 5808 --- [main] s.w.s.m.m.a.RequestMappingHandlerMapping : Mapped "{[/hello]}" onto public java.lang.String com.hwua.springboot03.controller.HelloController.hello(java.lang.String)
2018-12-05 11:03:13.458  INFO 5808 --- [main] s.w.s.m.m.a.RequestMappingHandlerMapping : Mapped "{[/error]}" onto public org.springframework.http.ResponseEntity<java.util.Map<java.lang.String, java.lang.Object>> org.springframework.boot.autoconfigure.web.BasicErrorController.error(javax.servlet.http.HttpServletRequest)
2018-12-05 11:03:13.458  INFO 5808 --- [main] s.w.s.m.m.a.RequestMappingHandlerMapping : Mapped "{[/error],produces=[text/html]}" onto public org.springframework.web.servlet.ModelAndView org.springframework.boot.autoconfigure.web.BasicErrorController.errorHtml(javax.servlet.http.HttpServletRequest,javax.servlet.http.HttpServletResponse)
2018-12-05 11:03:13.474  INFO 5808 --- [main] o.s.w.s.handler.SimpleUrlHandlerMapping  : Mapped URL path [/webjars/**] onto handler of type [class org.springframework.web.servlet.resource.ResourceHttpRequestHandler]
2018-12-05 11:03:13.474  INFO 5808 --- [main] o.s.w.s.handler.SimpleUrlHandlerMapping  : Mapped URL path [/**] onto handler of type [class org.springframework.web.servlet.resource.ResourceHttpRequestHandler]
2018-12-05 11:03:13.498  INFO 5808 --- [main] o.s.w.s.handler.SimpleUrlHandlerMapping  : Mapped URL path [/**/favicon.ico] onto handler of type [class org.springframework.web.servlet.resource.ResourceHttpRequestHandler]
2018-12-05 11:03:13.590  INFO 5808 --- [main] o.s.j.e.a.AnnotationMBeanExporter        : Registering beans for JMX exposure on startup
2018-12-05 11:03:13.618  INFO 5808 --- [main] s.b.c.e.t.TomcatEmbeddedServletContainer : Tomcat started on port(s): 8080 (http)
2018-12-05 11:03:13.622  INFO 5808 --- [main] c.h.s.SpringBoot03Application            : Started SpringBoot03Application in 1.696 seconds (JVM running for 2.492)
XXXXXXXXXXXXXXXXXXXXXXXXXXXXXXXX2018-12-05 11:03:57.324  INFO 7776 --- [main] c.h.s.SpringBoot03Application            : Starting SpringBoot03Application on DESKTOP-IOSPR3V with PID 7776 (D:\tc22\spring-boot-03\target\classes started by gujil in D:\tc22\spring-boot-03)
2018-12-05 11:03:57.326 DEBUG 7776 --- [main] c.h.s.SpringBoot03Application            : Running with Spring Boot v1.5.18.RELEASE, Spring v4.3.21.RELEASE
2018-12-05 11:03:57.326  INFO 7776 --- [main] c.h.s.SpringBoot03Application            : No active profile set, falling back to default profiles: default
2018-12-05 11:03:57.374  INFO 7776 --- [main] ationConfigEmbeddedWebApplicationContext : Refreshing org.springframework.boot.context.embedded.AnnotationConfigEmbeddedWebApplicationContext@48fa0f47: startup date [Wed Dec 05 11:03:57 CST 2018]; root of context hierarchy
2018-12-05 11:03:58.189  INFO 7776 --- [main] s.b.c.e.t.TomcatEmbeddedServletContainer : Tomcat initialized with port(s): 8080 (http)
2018-12-05 11:03:58.206  INFO 7776 --- [main] o.apache.catalina.core.StandardService   : Starting service [Tomcat]
2018-12-05 11:03:58.206  INFO 7776 --- [main] org.apache.catalina.core.StandardEngine  : Starting Servlet Engine: Apache Tomcat/8.5.35
2018-12-05 11:03:58.302  INFO 7776 --- [localhost-startStop-1] o.a.c.c.C.[Tomcat].[localhost].[/]       : Initializing Spring embedded WebApplicationContext
2018-12-05 11:03:58.302  INFO 7776 --- [localhost-startStop-1] o.s.web.context.ContextLoader            : Root WebApplicationContext: initialization completed in 931 ms
2018-12-05 11:03:58.426  INFO 7776 --- [localhost-startStop-1] o.s.b.w.servlet.ServletRegistrationBean  : Mapping servlet: 'dispatcherServlet' to [/]
2018-12-05 11:03:58.428  INFO 7776 --- [localhost-startStop-1] o.s.b.w.servlet.FilterRegistrationBean   : Mapping filter: 'characterEncodingFilter' to: [/*]
2018-12-05 11:03:58.429  INFO 7776 --- [localhost-startStop-1] o.s.b.w.servlet.FilterRegistrationBean   : Mapping filter: 'hiddenHttpMethodFilter' to: [/*]
2018-12-05 11:03:58.429  INFO 7776 --- [localhost-startStop-1] o.s.b.w.servlet.FilterRegistrationBean   : Mapping filter: 'httpPutFormContentFilter' to: [/*]
2018-12-05 11:03:58.429  INFO 7776 --- [localhost-startStop-1] o.s.b.w.servlet.FilterRegistrationBean   : Mapping filter: 'requestContextFilter' to: [/*]
2018-12-05 11:03:58.622  INFO 7776 --- [main] s.w.s.m.m.a.RequestMappingHandlerAdapter : Looking for @ControllerAdvice: org.springframework.boot.context.embedded.AnnotationConfigEmbeddedWebApplicationContext@48fa0f47: startup date [Wed Dec 05 11:03:57 CST 2018]; root of context hierarchy
2018-12-05 11:03:58.658  INFO 7776 --- [main] s.w.s.m.m.a.RequestMappingHandlerMapping : Mapped "{[/hello]}" onto public java.lang.String com.hwua.springboot03.controller.HelloController.hello(java.lang.String)
2018-12-05 11:03:58.660  INFO 7776 --- [main] s.w.s.m.m.a.RequestMappingHandlerMapping : Mapped "{[/error]}" onto public org.springframework.http.ResponseEntity<java.util.Map<java.lang.String, java.lang.Object>> org.springframework.boot.autoconfigure.web.BasicErrorController.error(javax.servlet.http.HttpServletRequest)
2018-12-05 11:03:58.660  INFO 7776 --- [main] s.w.s.m.m.a.RequestMappingHandlerMapping : Mapped "{[/error],produces=[text/html]}" onto public org.springframework.web.servlet.ModelAndView org.springframework.boot.autoconfigure.web.BasicErrorController.errorHtml(javax.servlet.http.HttpServletRequest,javax.servlet.http.HttpServletResponse)
2018-12-05 11:03:58.683  INFO 7776 --- [main] o.s.w.s.handler.SimpleUrlHandlerMapping  : Mapped URL path [/webjars/**] onto handler of type [class org.springframework.web.servlet.resource.ResourceHttpRequestHandler]
2018-12-05 11:03:58.684  INFO 7776 --- [main] o.s.w.s.handler.SimpleUrlHandlerMapping  : Mapped URL path [/**] onto handler of type [class org.springframework.web.servlet.resource.ResourceHttpRequestHandler]
2018-12-05 11:03:58.706  INFO 7776 --- [main] o.s.w.s.handler.SimpleUrlHandlerMapping  : Mapped URL path [/**/favicon.ico] onto handler of type [class org.springframework.web.servlet.resource.ResourceHttpRequestHandler]
2018-12-05 11:03:58.792  INFO 7776 --- [main] o.s.j.e.a.AnnotationMBeanExporter        : Registering beans for JMX exposure on startup
2018-12-05 11:03:58.816  INFO 7776 --- [main] s.b.c.e.t.TomcatEmbeddedServletContainer : Tomcat started on port(s): 8080 (http)
2018-12-05 11:03:58.819  INFO 7776 --- [main] c.h.s.SpringBoot03Application            : Started SpringBoot03Application in 1.772 seconds (JVM running for 2.453)
11:04:54:301 ---  INFO [main] c.h.s.SpringBoot03Application : Starting SpringBoot03Application on DESKTOP-IOSPR3V with PID 21204 (D:\tc22\spring-boot-03\target\classes started by gujil in D:\tc22\spring-boot-03) 
11:04:54:304 --- DEBUG [main] c.h.s.SpringBoot03Application : Running with Spring Boot v1.5.18.RELEASE, Spring v4.3.21.RELEASE 
11:04:54:304 ---  INFO [main] c.h.s.SpringBoot03Application : No active profile set, falling back to default profiles: default 
11:04:54:348 ---  INFO [main] o.s.b.c.e.AnnotationConfigEmbeddedWebApplicationContext : Refreshing org.springframework.boot.context.embedded.AnnotationConfigEmbeddedWebApplicationContext@1e802ef9: startup date [Wed Dec 05 11:04:54 CST 2018]; root of context hierarchy 
11:04:55:102 ---  INFO [main] o.s.b.c.e.t.TomcatEmbeddedServletContainer : Tomcat initialized with port(s): 8080 (http) 
11:04:55:118 ---  INFO [main] o.a.catalina.core.StandardService : Starting service [Tomcat] 
11:04:55:118 ---  INFO [main] o.a.catalina.core.StandardEngine : Starting Servlet Engine: Apache Tomcat/8.5.35 
11:04:55:214 ---  INFO [localhost-startStop-1] o.a.c.c.C.[Tomcat].[localhost].[/] : Initializing Spring embedded WebApplicationContext 
11:04:55:214 ---  INFO [localhost-startStop-1] o.s.web.context.ContextLoader : Root WebApplicationContext: initialization completed in 869 ms 
11:04:55:340 ---  INFO [localhost-startStop-1] o.s.b.w.s.ServletRegistrationBean : Mapping servlet: 'dispatcherServlet' to [/] 
11:04:55:343 ---  INFO [localhost-startStop-1] o.s.b.w.s.FilterRegistrationBean : Mapping filter: 'characterEncodingFilter' to: [/*] 
11:04:55:344 ---  INFO [localhost-startStop-1] o.s.b.w.s.FilterRegistrationBean : Mapping filter: 'hiddenHttpMethodFilter' to: [/*] 
11:04:55:344 ---  INFO [localhost-startStop-1] o.s.b.w.s.FilterRegistrationBean : Mapping filter: 'httpPutFormContentFilter' to: [/*] 
11:04:55:344 ---  INFO [localhost-startStop-1] o.s.b.w.s.FilterRegistrationBean : Mapping filter: 'requestContextFilter' to: [/*] 
11:04:55:540 ---  INFO [main] o.s.w.s.m.m.a.RequestMappingHandlerAdapter : Looking for @ControllerAdvice: org.springframework.boot.context.embedded.AnnotationConfigEmbeddedWebApplicationContext@1e802ef9: startup date [Wed Dec 05 11:04:54 CST 2018]; root of context hierarchy 
11:04:55:585 ---  INFO [main] o.s.w.s.m.m.a.RequestMappingHandlerMapping : Mapped "{[/hello]}" onto public java.lang.String com.hwua.springboot03.controller.HelloController.hello(java.lang.String) 
11:04:55:588 ---  INFO [main] o.s.w.s.m.m.a.RequestMappingHandlerMapping : Mapped "{[/error]}" onto public org.springframework.http.ResponseEntity<java.util.Map<java.lang.String, java.lang.Object>> org.springframework.boot.autoconfigure.web.BasicErrorController.error(javax.servlet.http.HttpServletRequest) 
11:04:55:589 ---  INFO [main] o.s.w.s.m.m.a.RequestMappingHandlerMapping : Mapped "{[/error],produces=[text/html]}" onto public org.springframework.web.servlet.ModelAndView org.springframework.boot.autoconfigure.web.BasicErrorController.errorHtml(javax.servlet.http.HttpServletRequest,javax.servlet.http.HttpServletResponse) 
11:04:55:607 ---  INFO [main] o.s.w.s.h.SimpleUrlHandlerMapping : Mapped URL path [/webjars/**] onto handler of type [class org.springframework.web.servlet.resource.ResourceHttpRequestHandler] 
11:04:55:608 ---  INFO [main] o.s.w.s.h.SimpleUrlHandlerMapping : Mapped URL path [/**] onto handler of type [class org.springframework.web.servlet.resource.ResourceHttpRequestHandler] 
11:04:55:631 ---  INFO [main] o.s.w.s.h.SimpleUrlHandlerMapping : Mapped URL path [/**/favicon.ico] onto handler of type [class org.springframework.web.servlet.resource.ResourceHttpRequestHandler] 
11:04:55:720 ---  INFO [main] o.s.j.e.a.AnnotationMBeanExporter : Registering beans for JMX exposure on startup 
11:04:55:748 ---  INFO [main] o.s.b.c.e.t.TomcatEmbeddedServletContainer : Tomcat started on port(s): 8080 (http) 
11:04:55:752 ---  INFO [main] c.h.s.SpringBoot03Application : Started SpringBoot03Application in 1.703 seconds (JVM running for 2.385) 
11:05:49:728 ---  INFO [main] c.h.s.SpringBoot03Application : Starting SpringBoot03Application on DESKTOP-IOSPR3V with PID 16776 (D:\tc22\spring-boot-03\target\classes started by gujil in D:\tc22\spring-boot-03) 
11:05:49:731 --- DEBUG [main] c.h.s.SpringBoot03Application : Running with Spring Boot v1.5.18.RELEASE, Spring v4.3.21.RELEASE 
11:05:49:731 ---  INFO [main] c.h.s.SpringBoot03Application : No active profile set, falling back to default profiles: default 
11:05:49:784 ---  INFO [main] o.s.b.c.e.AnnotationConfigEmbeddedWebApplicationContext : Refreshing org.springframework.boot.context.embedded.AnnotationConfigEmbeddedWebApplicationContext@670002: startup date [Wed Dec 05 11:05:49 CST 2018]; root of context hierarchy 
11:05:50:640 ---  INFO [main] o.s.b.c.e.t.TomcatEmbeddedServletContainer : Tomcat initialized with port(s): 8080 (http) 
11:05:50:657 ---  INFO [main] o.a.catalina.core.StandardService : Starting service [Tomcat] 
11:05:50:658 ---  INFO [main] o.a.catalina.core.StandardEngine : Starting Servlet Engine: Apache Tomcat/8.5.35 
11:05:50:747 ---  INFO [localhost-startStop-1] o.a.c.c.C.[Tomcat].[localhost].[/] : Initializing Spring embedded WebApplicationContext 
11:05:50:748 ---  INFO [localhost-startStop-1] o.s.web.context.ContextLoader : Root WebApplicationContext: initialization completed in 967 ms 
11:05:50:863 ---  INFO [localhost-startStop-1] o.s.b.w.s.ServletRegistrationBean : Mapping servlet: 'dispatcherServlet' to [/] 
11:05:50:866 ---  INFO [localhost-startStop-1] o.s.b.w.s.FilterRegistrationBean : Mapping filter: 'characterEncodingFilter' to: [/*] 
11:05:50:866 ---  INFO [localhost-startStop-1] o.s.b.w.s.FilterRegistrationBean : Mapping filter: 'hiddenHttpMethodFilter' to: [/*] 
11:05:50:866 ---  INFO [localhost-startStop-1] o.s.b.w.s.FilterRegistrationBean : Mapping filter: 'httpPutFormContentFilter' to: [/*] 
11:05:50:867 ---  INFO [localhost-startStop-1] o.s.b.w.s.FilterRegistrationBean : Mapping filter: 'requestContextFilter' to: [/*] 
11:05:51:042 ---  INFO [main] o.s.w.s.m.m.a.RequestMappingHandlerAdapter : Looking for @ControllerAdvice: org.springframework.boot.context.embedded.AnnotationConfigEmbeddedWebApplicationContext@670002: startup date [Wed Dec 05 11:05:49 CST 2018]; root of context hierarchy 
11:05:51:078 ---  INFO [main] o.s.w.s.m.m.a.RequestMappingHandlerMapping : Mapped "{[/hello]}" onto public java.lang.String com.hwua.springboot03.controller.HelloController.hello(java.lang.String) 
11:05:51:081 ---  INFO [main] o.s.w.s.m.m.a.RequestMappingHandlerMapping : Mapped "{[/error]}" onto public org.springframework.http.ResponseEntity<java.util.Map<java.lang.String, java.lang.Object>> org.springframework.boot.autoconfigure.web.BasicErrorController.error(javax.servlet.http.HttpServletRequest) 
11:05:51:081 ---  INFO [main] o.s.w.s.m.m.a.RequestMappingHandlerMapping : Mapped "{[/error],produces=[text/html]}" onto public org.springframework.web.servlet.ModelAndView org.springframework.boot.autoconfigure.web.BasicErrorController.errorHtml(javax.servlet.http.HttpServletRequest,javax.servlet.http.HttpServletResponse) 
11:05:51:099 ---  INFO [main] o.s.w.s.h.SimpleUrlHandlerMapping : Mapped URL path [/webjars/**] onto handler of type [class org.springframework.web.servlet.resource.ResourceHttpRequestHandler] 
11:05:51:099 ---  INFO [main] o.s.w.s.h.SimpleUrlHandlerMapping : Mapped URL path [/**] onto handler of type [class org.springframework.web.servlet.resource.ResourceHttpRequestHandler] 
11:05:51:130 ---  INFO [main] o.s.w.s.h.SimpleUrlHandlerMapping : Mapped URL path [/**/favicon.ico] onto handler of type [class org.springframework.web.servlet.resource.ResourceHttpRequestHandler] 
11:05:51:215 ---  INFO [main] o.s.j.e.a.AnnotationMBeanExporter : Registering beans for JMX exposure on startup 
11:05:51:242 ---  INFO [main] o.s.b.c.e.t.TomcatEmbeddedServletContainer : Tomcat started on port(s): 8080 (http) 
11:05:51:245 ---  INFO [main] c.h.s.SpringBoot03Application : Started SpringBoot03Application in 1.794 seconds (JVM running for 2.535) 
11:06:06:288 ---  INFO [main] c.h.s.SpringBoot03Application : Starting SpringBoot03Application on DESKTOP-IOSPR3V with PID 9564 (D:\tc22\spring-boot-03\target\classes started by gujil in D:\tc22\spring-boot-03) 
11:06:06:290 --- DEBUG [main] c.h.s.SpringBoot03Application : Running with Spring Boot v1.5.18.RELEASE, Spring v4.3.21.RELEASE 
11:06:06:290 ---  INFO [main] c.h.s.SpringBoot03Application : No active profile set, falling back to default profiles: default 
11:06:06:336 ---  INFO [main] o.s.b.c.e.AnnotationConfigEmbeddedWebApplicationContext : Refreshing org.springframework.boot.context.embedded.AnnotationConfigEmbeddedWebApplicationContext@1f0f1111: startup date [Wed Dec 05 11:06:06 CST 2018]; root of context hierarchy 
11:06:07:156 ---  INFO [main] o.s.b.c.e.t.TomcatEmbeddedServletContainer : Tomcat initialized with port(s): 8080 (http) 
11:06:07:175 ---  INFO [main] o.a.catalina.core.StandardService : Starting service [Tomcat] 
11:06:07:175 ---  INFO [main] o.a.catalina.core.StandardEngine : Starting Servlet Engine: Apache Tomcat/8.5.35 
11:06:07:271 ---  INFO [localhost-startStop-1] o.a.c.c.C.[Tomcat].[localhost].[/] : Initializing Spring embedded WebApplicationContext 
11:06:07:271 ---  INFO [localhost-startStop-1] o.s.web.context.ContextLoader : Root WebApplicationContext: initialization completed in 939 ms 
11:06:07:396 ---  INFO [localhost-startStop-1] o.s.b.w.s.ServletRegistrationBean : Mapping servlet: 'dispatcherServlet' to [/] 
11:06:07:399 ---  INFO [localhost-startStop-1] o.s.b.w.s.FilterRegistrationBean : Mapping filter: 'characterEncodingFilter' to: [/*] 
11:06:07:400 ---  INFO [localhost-startStop-1] o.s.b.w.s.FilterRegistrationBean : Mapping filter: 'hiddenHttpMethodFilter' to: [/*] 
11:06:07:400 ---  INFO [localhost-startStop-1] o.s.b.w.s.FilterRegistrationBean : Mapping filter: 'httpPutFormContentFilter' to: [/*] 
11:06:07:400 ---  INFO [localhost-startStop-1] o.s.b.w.s.FilterRegistrationBean : Mapping filter: 'requestContextFilter' to: [/*] 
11:06:07:589 ---  INFO [main] o.s.w.s.m.m.a.RequestMappingHandlerAdapter : Looking for @ControllerAdvice: org.springframework.boot.context.embedded.AnnotationConfigEmbeddedWebApplicationContext@1f0f1111: startup date [Wed Dec 05 11:06:06 CST 2018]; root of context hierarchy 
11:06:07:630 ---  INFO [main] o.s.w.s.m.m.a.RequestMappingHandlerMapping : Mapped "{[/hello]}" onto public java.lang.String com.hwua.springboot03.controller.HelloController.hello(java.lang.String) 
11:06:07:632 ---  INFO [main] o.s.w.s.m.m.a.RequestMappingHandlerMapping : Mapped "{[/error]}" onto public org.springframework.http.ResponseEntity<java.util.Map<java.lang.String, java.lang.Object>> org.springframework.boot.autoconfigure.web.BasicErrorController.error(javax.servlet.http.HttpServletRequest) 
11:06:07:633 ---  INFO [main] o.s.w.s.m.m.a.RequestMappingHandlerMapping : Mapped "{[/error],produces=[text/html]}" onto public org.springframework.web.servlet.ModelAndView org.springframework.boot.autoconfigure.web.BasicErrorController.errorHtml(javax.servlet.http.HttpServletRequest,javax.servlet.http.HttpServletResponse) 
11:06:07:654 ---  INFO [main] o.s.w.s.h.SimpleUrlHandlerMapping : Mapped URL path [/webjars/**] onto handler of type [class org.springframework.web.servlet.resource.ResourceHttpRequestHandler] 
11:06:07:654 ---  INFO [main] o.s.w.s.h.SimpleUrlHandlerMapping : Mapped URL path [/**] onto handler of type [class org.springframework.web.servlet.resource.ResourceHttpRequestHandler] 
11:06:07:682 ---  INFO [main] o.s.w.s.h.SimpleUrlHandlerMapping : Mapped URL path [/**/favicon.ico] onto handler of type [class org.springframework.web.servlet.resource.ResourceHttpRequestHandler] 
11:06:07:772 ---  INFO [main] o.s.j.e.a.AnnotationMBeanExporter : Registering beans for JMX exposure on startup 
11:06:07:800 ---  INFO [main] o.s.b.c.e.t.TomcatEmbeddedServletContainer : Tomcat started on port(s): 8080 (http) 
11:06:07:803 ---  INFO [main] c.h.s.SpringBoot03Application : Started SpringBoot03Application in 1.775 seconds (JVM running for 2.484) 
